txid=P1209080004
amount=2513
pay_type=2
status=3
tid=201209086859
verify=733b5f62b5a958099226fedaba5b9ecb
cname=黃柏堯
caddress=桃園市中正路109號
ctel=0912487922
cemail=hal9678@yahoo.com.tw
xname=
xaddress=
xtel=
language=tchinese
error_code=
error_desc=
auth_code=
account_no=808-95003090859868
bill_url=https://www.twv.com.tw/openpay/pay_bill.php?tid=201209086859
cs_bill_url=
__utma=160243173.1386192030.1318175782.1346853024.1347112351.62
__utmz=160243173.1345736086.22.2.utmcsr=intimego.0adz.com|utmccn=(referral)|utmcmd=referral|utmcct=/Notice.html
__utmb=160243173.0.10.1347112351
__utmc=160243173
PHPSESSID=965aee0142d3c061717d3d5d8b387fa6
