txid=P1208290005
amount=1005
pay_type=2
status=3
tid=201208293664
verify=a57426bd36b81bf1df86cf084126f765
cname=黃柏堯
caddress=桃園市中正路109號
ctel=0912487922
cemail=hal9678@yahoo.com.tw
xname=
xaddress=
xtel=
language=tchinese
error_code=
error_desc=
auth_code=
account_no=808-95287092877601
bill_url=https://www.twv.com.tw/openpay/pay_bill.php?tid=201208293664
cs_bill_url=
__utma=160243173.1386192030.1318175782.1346212693.1346224544.44
__utmz=160243173.1345736086.22.2.utmcsr=intimego.0adz.com|utmccn=(referral)|utmcmd=referral|utmcct=/Notice.html
__utmb=160243173.0.10.1346224544
__utmc=160243173
PHPSESSID=8e83946e92ef68e738cfa36d556710ce
