txid=P1209030003
amount=1508
pay_type=2
status=3
tid=201209036608
verify=5f743b929ae5f7c4770d2c0d12f36f57
cname=黃柏堯
caddress=桃園市中正路109號
ctel=0912487922
cemail=hal9678@yahoo.com.tw
xname=
xaddress=
xtel=
language=tchinese
error_code=
error_desc=
auth_code=
account_no=808-95003100319123
bill_url=https://www.twv.com.tw/openpay/pay_bill.php?tid=201209036608
cs_bill_url=
__utma=160243173.1386192030.1318175782.1346679273.1346683340.59
__utmz=160243173.1345736086.22.2.utmcsr=intimego.0adz.com|utmccn=(referral)|utmcmd=referral|utmcct=/Notice.html
__utmb=160243173.0.10.1346683340
__utmc=160243173
PHPSESSID=5be8447126a347b3f339609e80d4b14f
