txid=P1209010005
amount=402
pay_type=2
status=3
tid=201209010349
verify=a653ed48f470ffb651f9b2acab0710a5
cname=黃柏堯
caddress=桃園市中正路109號
ctel=0912487922
cemail=hal9678@yahoo.com.tw
xname=
xaddress=
xtel=
language=tchinese
error_code=
error_desc=
auth_code=
account_no=808-95003100104030
bill_url=https://www.twv.com.tw/openpay/pay_bill.php?tid=201209010349
cs_bill_url=
__utma=160243173.1386192030.1318175782.1346470808.1346502307.55
__utmz=160243173.1345736086.22.2.utmcsr=intimego.0adz.com|utmccn=(referral)|utmcmd=referral|utmcct=/Notice.html
__utmb=160243173.0.10.1346502307
__utmc=160243173
PHPSESSID=853f149680ffb5ef7dd01f6b506b5e49
