txid=P1208310007
amount=1005
pay_type=2
status=3
tid=201208313102
verify=d884273f69c5104eaad472c8928a24b2
cname=卓小男
caddress=彰化縣福興鄉鎮平村阿力街1號
ctel=0916184808
cemail=programmer.tw@gmail.com
xname=
xaddress=
xtel=
language=tchinese
error_code=
error_desc=
auth_code=
account_no=808-95287093096260
bill_url=https://www.twv.com.tw/openpay/pay_bill.php?tid=201208313102
cs_bill_url=
PHPSESSID=928d951cc51ea890243d5c4221135e3d
logintheme=cpanel
cprelogin=no
cpsession=imxDu7W0uCOAW4kt3QOJinmy5UDqN9PaLsg016B3sIWTCzbcupd3LHcvu0NcW1R2
