txid=P1209050001
amount=362
pay_type=2
status=3
tid=201209054645
verify=55c7344ebcc6a735364676cca8e11b9e
cname=黃柏堯
caddress=桃園市中正路109號
ctel=0912487922
cemail=hal9678@yahoo.com.tw
xname=
xaddress=
xtel=
language=tchinese
error_code=
error_desc=
auth_code=
account_no=808-95003090634280
bill_url=https://www.twv.com.tw/openpay/pay_bill.php?tid=201209054645
cs_bill_url=
__utma=160243173.1386192030.1318175782.1346726886.1346853024.61
__utmz=160243173.1345736086.22.2.utmcsr=intimego.0adz.com|utmccn=(referral)|utmcmd=referral|utmcct=/Notice.html
__utmb=160243173.0.10.1346853024
__utmc=160243173
PHPSESSID=5d6f0e53c817d608461a8f356c29e672
