txid=P1208250004
amount=201
pay_type=2
status=3
tid=201208253665
verify=83ba398a38d2ee5bfeda7ababe4e79ae
cname=黃柏堯
caddress=新竹市中正路109號
ctel=0912487922
cemail=hal9678@yahoo.com.tw
xname=
xaddress=
xtel=
language=tchinese
error_code=
error_desc=
auth_code=
account_no=808-95287092457645
bill_url=https://www.twv.com.tw/openpay/pay_bill.php?tid=201208253665
cs_bill_url=
__utma=160243173.1386192030.1318175782.1345864964.1345871409.25
__utmz=160243173.1345736086.22.2.utmcsr=intimego.0adz.com|utmccn=(referral)|utmcmd=referral|utmcct=/Notice.html
__utmb=160243173.0.10.1345871409
__utmc=160243173
PHPSESSID=02e978f8828fc9bf8f6271a3d2a4a825
