txid=P1208110003
amount=302
pay_type=2
status=3
tid=201208119377
verify=ea45886a23320469a3430fd6645ba7c2
cname=卓小男
caddress=彰化縣福興鄉鎮平村阿力街1號
ctel=0916184808
cemail=programmer.tw@gmail.com
xname=
xaddress=
xtel=
language=tchinese
error_code=
error_desc=
auth_code=
account_no=808-95287091000608
bill_url=https://www.twv.com.tw/openpay/pay_bill.php?tid=201208119377
cs_bill_url=
PHPSESSID=21aaec5d1b87b2936c6fc8ecb811fe23
logintheme=cpanel
cprelogin=no
cpsession=PcJTGtGkygIOMfFKXBfkmMGCUj0ghjttU9BQ3vSdXoEFO3P01NJuySURpCOzTopP
