txid=P1208290002
amount=1005
pay_type=2
status=3
tid=201208293703
verify=8766ab988f050896fc8e6b11a19d8ec5
cname=黃柏堯
caddress=桃園市中正路109號
ctel=0912487922
cemail=hal9678@yahoo.com.tw
xname=
xaddress=
xtel=
language=tchinese
error_code=
error_desc=
auth_code=
account_no=808-95287092877474
bill_url=https://www.twv.com.tw/openpay/pay_bill.php?tid=201208293703
cs_bill_url=
__utma=160243173.1386192030.1318175782.1346212693.1346224544.44
__utmz=160243173.1345736086.22.2.utmcsr=intimego.0adz.com|utmccn=(referral)|utmcmd=referral|utmcct=/Notice.html
__utmb=160243173.0.10.1346224544
__utmc=160243173
PHPSESSID=dd2a4059de063a7f2378a94536298244
