txid=P1208260001
amount=1005
pay_type=2
status=3
tid=201208263449
verify=3b9607dcab9bbbaad8bc2d926a68a4fa
cname=黃柏堯
caddress=桃園市中正路109號
ctel=0912487922
cemail=hal9678@yahoo.com.tw
xname=
xaddress=
xtel=
language=tchinese
error_code=
error_desc=
auth_code=
account_no=808-95287092561353
bill_url=https://www.twv.com.tw/openpay/pay_bill.php?tid=201208263449
cs_bill_url=
__utma=160243173.1386192030.1318175782.1345963674.1345970092.30
__utmz=160243173.1345736086.22.2.utmcsr=intimego.0adz.com|utmccn=(referral)|utmcmd=referral|utmcct=/Notice.html
__utmb=160243173.0.10.1345970092
__utmc=160243173
PHPSESSID=929ee9db4974ef8c781039ff443627bd
