txid=P1208310003
amount=1005
pay_type=2
status=3
tid=201208311098
verify=a66e9bab451295cd9d42c0c6c6d8e0c2
cname=卓小男
caddress=彰化縣福興鄉鎮平村阿力街1號
ctel=0916184808
cemail=programmer.tw@gmail.com
xname=
xaddress=
xtel=
language=tchinese
error_code=
error_desc=
auth_code=
account_no=808-95287093091389
bill_url=https://www.twv.com.tw/openpay/pay_bill.php?tid=201208311098
cs_bill_url=
PHPSESSID=928d951cc51ea890243d5c4221135e3d
logintheme=cpanel
cprelogin=no
cpsession=ap6P4Jm_UeUOg7FDbIlbCsKNP4Tl_K8HB8uGpH76kfEYLLt5lL8s053_9YhRqazH
