txid=P1211060002
amount=1005
pay_type=2
status=3
tid=201211061895
verify=d91533a1a8d4dae93855e9395430f04d
cname=黃柏堯
caddress=桃園市中正路109號
ctel=0912487922
cemail=hal9678@yahoo.com.tw
xname=
xaddress=
xtel=
language=tchinese
error_code=
error_desc=
auth_code=
account_no=808-95003110679950
bill_url=https://www.twv.com.tw/openpay/pay_bill.php?tid=201211061895
cs_bill_url=
__utmc=160243173
__utma=160243173.1386192030.1318175782.1352172036.1352176024.197
__utmz=160243173.1345736086.22.2.utmcsr=intimego.0adz.com|utmccn=(referral)|utmcmd=referral|utmcct=/Notice.html
__utmb=160243173.0.10.1352176024
PHPSESSID=79727a88bd4f983b7f2956b4f516fce2
