2004.05.03 13:26 B C:\Documents and Settings\Administrator\桌面\EPaper\images\ed_about.gif <-- abard /EPaper/images ed_about.gif
2004.05.03 13:26 B C:\Documents and Settings\Administrator\桌面\EPaper\images\ed_align_center.gif <-- abard /EPaper/images ed_align_center.gif
2004.05.03 13:26 B C:\Documents and Settings\Administrator\桌面\EPaper\images\ed_align_left.gif <-- abard /EPaper/images ed_align_left.gif
2004.05.03 13:26 B C:\Documents and Settings\Administrator\桌面\EPaper\images\ed_align_right.gif <-- abard /EPaper/images ed_align_right.gif
2004.05.03 13:26 B C:\Documents and Settings\Administrator\桌面\EPaper\images\ed_blank.gif <-- abard /EPaper/images ed_blank.gif
2004.05.03 13:26 B C:\Documents and Settings\Administrator\桌面\EPaper\images\ed_charmap.gif <-- abard /EPaper/images ed_charmap.gif
2004.05.03 13:26 B C:\Documents and Settings\Administrator\桌面\EPaper\images\ed_color_bg.gif <-- abard /EPaper/images ed_color_bg.gif
2004.05.03 13:26 B C:\Documents and Settings\Administrator\桌面\EPaper\images\ed_color_fg.gif <-- abard /EPaper/images ed_color_fg.gif
2004.05.03 13:26 B C:\Documents and Settings\Administrator\桌面\EPaper\images\ed_copy.gif <-- abard /EPaper/images ed_copy.gif
2004.05.03 13:26 B C:\Documents and Settings\Administrator\桌面\EPaper\images\ed_custom.gif <-- abard /EPaper/images ed_custom.gif
2004.05.03 13:26 B C:\Documents and Settings\Administrator\桌面\EPaper\images\ed_cut.gif <-- abard /EPaper/images ed_cut.gif
2004.05.03 13:26 B C:\Documents and Settings\Administrator\桌面\EPaper\images\ed_delete.gif <-- abard /EPaper/images ed_delete.gif
2004.05.03 13:26 B C:\Documents and Settings\Administrator\桌面\EPaper\images\ed_format_bold.gif <-- abard /EPaper/images ed_format_bold.gif
2004.05.03 13:26 B C:\Documents and Settings\Administrator\桌面\EPaper\images\ed_format_italic.gif <-- abard /EPaper/images ed_format_italic.gif
2004.05.03 13:26 B C:\Documents and Settings\Administrator\桌面\EPaper\images\ed_format_strike.gif <-- abard /EPaper/images ed_format_strike.gif
2004.05.03 13:26 B C:\Documents and Settings\Administrator\桌面\EPaper\images\ed_format_sub.gif <-- abard /EPaper/images ed_format_sub.gif
2004.05.03 13:26 B C:\Documents and Settings\Administrator\桌面\EPaper\images\ed_format_sup.gif <-- abard /EPaper/images ed_format_sup.gif
2004.05.03 13:26 B C:\Documents and Settings\Administrator\桌面\EPaper\images\ed_format_underline.gif <-- abard /EPaper/images ed_format_underline.gif
2004.05.03 13:26 B C:\Documents and Settings\Administrator\桌面\EPaper\images\ed_help.gif <-- abard /EPaper/images ed_help.gif
2004.05.03 13:26 B C:\Documents and Settings\Administrator\桌面\EPaper\images\ed_hr.gif <-- abard /EPaper/images ed_hr.gif
2004.05.03 13:26 B C:\Documents and Settings\Administrator\桌面\EPaper\images\ed_html.gif <-- abard /EPaper/images ed_html.gif
2004.05.03 13:26 B C:\Documents and Settings\Administrator\桌面\EPaper\images\ed_image.gif <-- abard /EPaper/images ed_image.gif
2004.05.03 13:26 B C:\Documents and Settings\Administrator\桌面\EPaper\images\ed_indent_less.gif <-- abard /EPaper/images ed_indent_less.gif
2004.05.03 13:26 B C:\Documents and Settings\Administrator\桌面\EPaper\images\ed_indent_more.gif <-- abard /EPaper/images ed_indent_more.gif
2004.05.03 13:26 B C:\Documents and Settings\Administrator\桌面\EPaper\images\ed_link.gif <-- abard /EPaper/images ed_link.gif
2004.05.03 13:26 B C:\Documents and Settings\Administrator\桌面\EPaper\images\ed_list_bullet.gif <-- abard /EPaper/images ed_list_bullet.gif
2004.05.03 13:26 B C:\Documents and Settings\Administrator\桌面\EPaper\images\ed_list_num.gif <-- abard /EPaper/images ed_list_num.gif
2004.05.03 13:26 B C:\Documents and Settings\Administrator\桌面\EPaper\images\ed_redo.gif <-- abard /EPaper/images ed_redo.gif
2004.05.03 13:26 B C:\Documents and Settings\Administrator\桌面\EPaper\images\ed_undo.gif <-- abard /EPaper/images ed_undo.gif
2004.05.03 13:26 B C:\Documents and Settings\Administrator\桌面\EPaper\images\fullscreen_maximize.gif <-- abard /EPaper/images fullscreen_maximize.gif
2004.05.03 13:26 B C:\Documents and Settings\Administrator\桌面\EPaper\images\fullscreen_minimize.gif <-- abard /EPaper/images fullscreen_minimize.gif
2004.05.03 13:26 B C:\Documents and Settings\Administrator\桌面\EPaper\images\insert_table.gif <-- abard /EPaper/images insert_table.gif
2004.05.03 13:30 B C:\Documents and Settings\Administrator\桌面\News\images\ed_about.gif --> abard.xxking.com /News/images ed_about.gif
2004.05.03 13:30 B C:\Documents and Settings\Administrator\桌面\News\images\ed_align_center.gif --> abard.xxking.com /News/images ed_align_center.gif
2004.05.03 13:30 B C:\Documents and Settings\Administrator\桌面\News\images\ed_align_left.gif --> abard.xxking.com /News/images ed_align_left.gif
2004.05.03 13:30 B C:\Documents and Settings\Administrator\桌面\News\images\ed_align_right.gif --> abard.xxking.com /News/images ed_align_right.gif
2004.05.03 13:30 B C:\Documents and Settings\Administrator\桌面\News\images\ed_blank.gif --> abard.xxking.com /News/images ed_blank.gif
2004.05.03 13:30 B C:\Documents and Settings\Administrator\桌面\News\images\ed_charmap.gif --> abard.xxking.com /News/images ed_charmap.gif
2004.05.03 13:30 B C:\Documents and Settings\Administrator\桌面\News\images\ed_color_bg.gif --> abard.xxking.com /News/images ed_color_bg.gif
2004.05.03 13:30 B C:\Documents and Settings\Administrator\桌面\News\images\ed_color_fg.gif --> abard.xxking.com /News/images ed_color_fg.gif
2004.05.03 13:30 B C:\Documents and Settings\Administrator\桌面\News\images\ed_copy.gif --> abard.xxking.com /News/images ed_copy.gif
2004.05.03 13:30 B C:\Documents and Settings\Administrator\桌面\News\images\ed_custom.gif --> abard.xxking.com /News/images ed_custom.g